0 info it worked if it ends with ok
1 verbose cli [ 'F:\\ruanjian\\nodejs\\node.exe',
1 verbose cli   'F:\\ruanjian\\nodejs\\node_modules\\npm\\bin\\npm-cli.js',
1 verbose cli   'run',
1 verbose cli   'dev' ]
2 info using npm@3.3.12
3 info using node@v5.1.0
4 verbose stack Error: missing script: dev
4 verbose stack     at run (F:\ruanjian\nodejs\node_modules\npm\lib\run-script.js:147:19)
4 verbose stack     at F:\ruanjian\nodejs\node_modules\npm\lib\run-script.js:57:5
4 verbose stack     at F:\ruanjian\nodejs\node_modules\npm\node_modules\read-package-json\read-json.js:345:5
4 verbose stack     at checkBinReferences_ (F:\ruanjian\nodejs\node_modules\npm\node_modules\read-package-json\read-json.js:309:45)
4 verbose stack     at final (F:\ruanjian\nodejs\node_modules\npm\node_modules\read-package-json\read-json.js:343:3)
4 verbose stack     at then (F:\ruanjian\nodejs\node_modules\npm\node_modules\read-package-json\read-json.js:113:5)
4 verbose stack     at ReadFileContext.<anonymous> (F:\ruanjian\nodejs\node_modules\npm\node_modules\read-package-json\read-json.js:284:20)
4 verbose stack     at ReadFileContext.callback (F:\ruanjian\nodejs\node_modules\npm\node_modules\graceful-fs\graceful-fs.js:76:16)
4 verbose stack     at FSReqWrap.readFileAfterOpen [as oncomplete] (fs.js:324:13)
5 verbose cwd F:\test\blog
6 error Windows_NT 6.1.7600
7 error argv "F:\\ruanjian\\nodejs\\node.exe" "F:\\ruanjian\\nodejs\\node_modules\\npm\\bin\\npm-cli.js" "run" "dev"
8 error node v5.1.0
9 error npm  v3.3.12
10 error missing script: dev
11 error If you need help, you may report this error at:
11 error     <https://github.com/npm/npm/issues>
12 verbose exit [ 1, true ]
